<?xml version="1.0" encoding="UTF-8"?>
<!-- Generated by org.testng.reporters.JUnitXMLReporter -->
<testsuite ignored="0" hostname="FFE-Charle-Maro-J" failures="0" tests="2" name="chrome" time="14.725" errors="0" timestamp="2025-08-22T12:30:43 IST">
  <testcase classname="praciceTestNg.CreateLeadPageTest" name="sample" time="0.012"/>
  <testcase classname="praciceTestNg.CreateLeadPageTest" name="tc_002_creatLeadTest" time="0.0">
    <skipped/>
  </testcase> <!-- tc_002_creatLeadTest -->
</testsuite> <!-- chrome -->
