<?xml version="1.0" encoding="UTF-8"?>
<testng-results ignored="0" total="1" passed="1" failed="0" skipped="0">
  <reporter-output>
  </reporter-output>
  <suite started-at="2025-08-22T12:45:58 IST" name="Default suite" finished-at="2025-08-22T12:45:58 IST" duration-ms="38">
    <groups>
    </groups>
    <test started-at="2025-08-22T12:45:58 IST" name="Default test" finished-at="2025-08-22T12:45:58 IST" duration-ms="38">
      <class name="Practise.ReadCmdLineDatatest">
        <test-method signature="readCmdtest()[pri:0, instance:Practise.ReadCmdLineDatatest@45752059]" started-at="2025-08-22T12:45:58 IST" name="readCmdtest" finished-at="2025-08-22T12:45:58 IST" duration-ms="8" status="PASS">
          <reporter-output>
          </reporter-output>
        </test-method> <!-- readCmdtest -->
      </class> <!-- Practise.ReadCmdLineDatatest -->
    </test> <!-- Default test -->
  </suite> <!-- Default suite -->
</testng-results>
